<?xml version="1.0" encoding="UTF-8"?>
<testsuite xmlns:xsi="http://www.w3.org/2001/XMLSchema-instance" xsi:noNamespaceSchemaLocation="https://maven.apache.org/surefire/maven-surefire-plugin/xsd/surefire-test-report.xsd" version="3.0.2" name="com.example.carins.CarInsuranceApplicationTests" time="7.265" tests="3" errors="0" skipped="0" failures="0">
  <properties>
[...]
</properties>
  <testcase name="testInsuranceValid_CarNotFound" classname="com.example.carins.CarInsuranceApplicationTests" time="0.792">
    <system-out><![CDATA[22:27:56.655 [main] INFO org.springframework.test.context.support.AnnotationConfigContextLoaderUtils -- Could not detect default configuration classes for test class [com.example.carins.CarInsuranceApplicationTests]: CarInsuranceApplicationTests does not declare any static, non-private, non-final, nested classes annotated with @Configuration.
22:27:56.774 [main] INFO org.springframework.boot.test.context.SpringBootTestContextBootstrapper -- Found @SpringBootConfiguration com.example.carins.CarInsuranceApplication for test class com.example.carins.CarInsuranceApplicationTests

  .   ____          _            __ _ _
 /\\ / ___'_ __ _ _(_)_ __  __ _ \ \ \ \
( ( )\___ | '_ | '_| | '_ \/ _` | \ \ \ \
 \\/  ___)| |_)| | | | | || (_| |  ) ) ) )
  '  |____| .__|_| |_|_| |_\__, | / / / /
 =========|_|==============|___/=/_/_/_/

 :: Spring Boot ::                (v3.4.3)

2025-09-13T22:27:57.263+03:00  INFO 17060 --- [           main] c.e.carins.CarInsuranceApplicationTests  : Starting CarInsuranceApplicationTests using Java 21.0.7 with PID 17060 (started by Alexandra in C:\Users\Alexandra\Desktop\junior-java-test 1 1)
2025-09-13T22:27:57.266+03:00  INFO 17060 --- [           main] c.e.carins.CarInsuranceApplicationTests  : No active profile set, falling back to 1 default profile: "default"
2025-09-13T22:27:58.154+03:00  INFO 17060 --- [           main] .s.d.r.c.RepositoryConfigurationDelegate : Bootstrapping Spring Data JPA repositories in DEFAULT mode.
2025-09-13T22:27:58.238+03:00  INFO 17060 --- [           main] .s.d.r.c.RepositoryConfigurationDelegate : Finished Spring Data repository scanning in 71 ms. Found 4 JPA repository interfaces.
2025-09-13T22:27:58.985+03:00  INFO 17060 --- [           main] o.s.b.w.embedded.tomcat.TomcatWebServer  : Tomcat initialized with port 0 (http)
2025-09-13T22:27:59.001+03:00  INFO 17060 --- [           main] o.apache.catalina.core.StandardService   : Starting service [Tomcat]
2025-09-13T22:27:59.002+03:00  INFO 17060 --- [           main] o.apache.catalina.core.StandardEngine    : Starting Servlet engine: [Apache Tomcat/10.1.36]
2025-09-13T22:27:59.063+03:00  INFO 17060 --- [           main] o.a.c.c.C.[Tomcat].[localhost].[/]       : Initializing Spring embedded WebApplicationContext
2025-09-13T22:27:59.064+03:00  INFO 17060 --- [           main] w.s.c.ServletWebServerApplicationContext : Root WebApplicationContext: initialization completed in 1774 ms
2025-09-13T22:27:59.302+03:00  INFO 17060 --- [           main] o.hibernate.jpa.internal.util.LogHelper  : HHH000204: Processing PersistenceUnitInfo [name: default]
2025-09-13T22:27:59.391+03:00  INFO 17060 --- [           main] org.hibernate.Version                    : HHH000412: Hibernate ORM core version 6.6.8.Final
2025-09-13T22:27:59.441+03:00  INFO 17060 --- [           main] o.h.c.internal.RegionFactoryInitiator    : HHH000026: Second-level cache disabled
2025-09-13T22:27:59.815+03:00  INFO 17060 --- [           main] o.s.o.j.p.SpringPersistenceUnitInfo      : No LoadTimeWeaver setup: ignoring JPA class transformer
2025-09-13T22:27:59.856+03:00  INFO 17060 --- [           main] com.zaxxer.hikari.HikariDataSource       : HikariPool-1 - Starting...
2025-09-13T22:28:00.034+03:00  INFO 17060 --- [           main] com.zaxxer.hikari.pool.HikariPool        : HikariPool-1 - Added connection conn0: url=jdbc:h2:mem:carins user=SA
2025-09-13T22:28:00.037+03:00  INFO 17060 --- [           main] com.zaxxer.hikari.HikariDataSource       : HikariPool-1 - Start completed.
2025-09-13T22:28:00.093+03:00  INFO 17060 --- [           main] org.hibernate.orm.connections.pooling    : HHH10001005: Database info:
	Database JDBC URL [Connecting through datasource 'HikariDataSource (HikariPool-1)']
	Database driver: undefined/unknown
	Database version: 2.3.232
	Autocommit mode: undefined/unknown
	Isolation level: undefined/unknown
	Minimum pool size: undefined/unknown
	Maximum pool size: undefined/unknown
2025-09-13T22:28:00.956+03:00  INFO 17060 --- [           main] o.h.e.t.j.p.i.JtaPlatformInitiator       : HHH000489: No JTA platform available (set 'hibernate.transaction.jta.platform' to enable JTA platform integration)
2025-09-13T22:28:01.013+03:00  INFO 17060 --- [           main] j.LocalContainerEntityManagerFactoryBean : Initialized JPA EntityManagerFactory for persistence unit 'default'
2025-09-13T22:28:01.378+03:00  INFO 17060 --- [           main] o.s.d.j.r.query.QueryEnhancerFactory     : Hibernate is in classpath; If applicable, HQL parser will be used.
2025-09-13T22:28:02.184+03:00  WARN 17060 --- [           main] JpaBaseConfiguration$JpaWebConfiguration : spring.jpa.open-in-view is enabled by default. Therefore, database queries may be performed during view rendering. Explicitly configure spring.jpa.open-in-view to disable this warning
2025-09-13T22:28:02.522+03:00  INFO 17060 --- [           main] o.s.b.a.h2.H2ConsoleAutoConfiguration    : H2 console available at '/h2-console'. Database available at 'jdbc:h2:mem:carins'
2025-09-13T22:28:02.822+03:00  INFO 17060 --- [           main] o.s.b.w.embedded.tomcat.TomcatWebServer  : Tomcat started on port 49581 (http) with context path '/'
2025-09-13T22:28:02.836+03:00  INFO 17060 --- [           main] c.e.carins.CarInsuranceApplicationTests  : Started CarInsuranceApplicationTests in 5.89 seconds (process running for 6.894)
2025-09-13T22:28:03.566+03:00  INFO 17060 --- [o-auto-1-exec-1] o.a.c.c.C.[Tomcat].[localhost].[/]       : Initializing Spring DispatcherServlet 'dispatcherServlet'
2025-09-13T22:28:03.566+03:00  INFO 17060 --- [o-auto-1-exec-1] o.s.web.servlet.DispatcherServlet        : Initializing Servlet 'dispatcherServlet'
2025-09-13T22:28:03.567+03:00  INFO 17060 --- [o-auto-1-exec-1] o.s.web.servlet.DispatcherServlet        : Completed initialization in 1 ms
]]></system-out>
    <system-err><![CDATA[Mockito is currently self-attaching to enable the inline-mock-maker. This will no longer work in future releases of the JDK. Please add Mockito as an agent to your build what is described in Mockito's documentation: https://javadoc.io/doc/org.mockito/mockito-core/latest/org/mockito/Mockito.html#0.3
WARNING: A Java agent has been loaded dynamically (C:\Users\Alexandra\.m2\repository\net\bytebuddy\byte-buddy-agent\1.15.11\byte-buddy-agent-1.15.11.jar)
WARNING: If a serviceability tool is in use, please run with -XX:+EnableDynamicAgentLoading to hide this warning
WARNING: If a serviceability tool is not in use, please run with -Djdk.instrument.traceUsage for more information
WARNING: Dynamic loading of agents will be disallowed by default in a future release
]]></system-err>
  </testcase>
  <testcase name="testInsuranceValid_DateTooLate" classname="com.example.carins.CarInsuranceApplicationTests" time="0.013"/>
  <testcase name="testInsuranceValid_DateTooEarly" classname="com.example.carins.CarInsuranceApplicationTests" time="0.011"/>
</testsuite>